#
# A fatal error has been detected by the Java Runtime Environment:
#
#  SIGSEGV (0xb) at pc=0x00007fff8b910097, pid=4678, tid=1287
#
# JRE version: Java(TM) SE Runtime Environment (7.0_51-b13) (build 1.7.0_51-b13)
# Java VM: Java HotSpot(TM) 64-Bit Server VM (24.51-b03 mixed mode bsd-amd64 compressed oops)
# Problematic frame:
# C  [libobjc.A.dylib+0x5097]  objc_msgSend+0x17
#
# Failed to write core dump. Core dumps have been disabled. To enable core dumping, try "ulimit -c unlimited" before starting Java again
#
# If you would like to submit a bug report, please visit:
#   http://bugreport.sun.com/bugreport/crash.jsp
# The crash happened outside the Java Virtual Machine in native code.
# See problematic frame for where to report the bug.
#

---------------  T H R E A D  ---------------

Current thread (0x00007fd13108d000):  JavaThread "AppKit Thread" daemon [_thread_in_native, id=1287, stack(0x00007fff52651000,0x00007fff526d1000)]

siginfo:si_signo=SIGSEGV: si_errno=0, si_code=0 (SEGV0), si_addr=0x0000000000000000

Registers:
RAX=0x00007fd13061c8d0, RBX=0x00000000000f42f1, RCX=0x0000000000000000, RDX=0x00007fd130778050
RSP=0x00007fff526cc658, RBP=0x00007fff526cc660, RSI=0x00007fff8de86b9f, RDI=0x00007fd13061c8d0
R8 =0x0000000000000040, R9 =0x00007fff526cc600, R10=0x00007fff8de86b9f, R11=0x300007fd13061d25
R12=0x00000000000f42f1, R13=0x00007fff526cc828, R14=0x00007fd1307588d0, R15=0x00007fff526cc788
RIP=0x00007fff8b910097, EFLAGS=0x0000000000010246, ERR=0x0000000000000000
  TRAPNO=0x000000000000000d

Top of Stack: (sp=0x00007fff526cc658)
0x00007fff526cc658:   00007fff8ab02e0c 00007fff526cc9c0
0x00007fff526cc668:   00007fff8a9f6a6d 0000000000000003
0x00007fff526cc678:   000000010d54ba00 00007fff526cc6c0
0x00007fff526cc688:   00007fff86e05272 00000000000007e0
0x00007fff526cc698:   00000000000f42f3 0000000000000002
0x00007fff526cc6a8:   00007fd130438ef0 00007fd130430ab0
0x00007fff526cc6b8:   00007fd130718470 00007fd130778050
0x00007fff526cc6c8:   00007fff526cc780 0000000000000000
0x00007fff526cc6d8:   00000000000f42f1 0000000000000054
0x00007fff526cc6e8:   00007fff526cc800 0000000000000000
0x00007fff526cc6f8:   0000000000000001 00007fd130718460
0x00007fff526cc708:   000000000000004f 000000000002eef1
0x00007fff526cc718:   0000010000000000 00007fff71d5aa60
0x00007fff526cc728:   00002060001d36ea 00007fff526cc880
0x00007fff526cc738:   0000000000000000 00007fff526cc818
0x00007fff526cc748:   00007fff526cc7f8 00007fff71d5aa48
0x00007fff526cc758:   0000000000000000 000000000000000f
0x00007fff526cc768:   00007fff851d36ea 00007fff72a5dd38
0x00007fff526cc778:   0000000000000000 00007fd130435830
0x00007fff526cc788:   00007fd1307588d0 00007fff876dbb08
0x00007fff526cc798:   0000000000000000 00007fff526cc860
0x00007fff526cc7a8:   00007fff87cbcdde 00007fff71c0c0d0
0x00007fff526cc7b8:   0000000042000000 00007fff87cc51d1
0x00007fff526cc7c8:   00007fff71d36b40 00007fff526cc8c8
0x00007fff526cc7d8:   00007fff526cc7f8 00007fff526cc818
0x00007fff526cc7e8:   0000000000000000 000000010d548001
0x00007fff526cc7f8:   0000000000000000 000000000000004d
0x00007fff526cc808:   0000000000000000 00000000000f42e1
0x00007fff526cc818:   000000000000004f 0000000000000000
0x00007fff526cc828:   00000000000f42f1 00000001526cc8d0
0x00007fff526cc838:   00007fff851d4261 00007fff725aa748
0x00007fff526cc848:   00007fff725aa74c 00000000725a61b8 

Instructions: (pc=0x00007fff8b910097)
0x00007fff8b910077:   90 90 90 90 90 90 90 90 90 48 85 ff 2e 74 72 40
0x00007fff8b910087:   f6 c7 01 2e 0f 85 7e 00 00 00 4c 8b 1f 49 89 f2
0x00007fff8b910097:   45 23 53 18 49 c1 e2 04 4d 03 53 10 49 3b 32 75
0x00007fff8b9100a7:   04 41 ff 62 08 49 83 3a 00 74 74 4d 3b 53 10 74 

Register to memory mapping:

RAX=0x00007fd13061c8d0 is an unknown value
RBX=0x00000000000f42f1 is an unknown value
RCX=0x0000000000000000 is an unknown value
RDX=0x00007fd130778050 is an unknown value
RSP=0x00007fff526cc658 is pointing into the stack for thread: 0x00007fd13108d000
RBP=0x00007fff526cc660 is pointing into the stack for thread: 0x00007fd13108d000
RSI=0x00007fff8de86b9f: NSAppKitVersionNumber+0x5358f in /System/Library/Frameworks/AppKit.framework/Versions/C/AppKit at 0x00007fff8d3e3000
RDI=0x00007fd13061c8d0 is an unknown value
R8 =0x0000000000000040 is an unknown value
R9 =0x00007fff526cc600 is pointing into the stack for thread: 0x00007fd13108d000
R10=0x00007fff8de86b9f: NSAppKitVersionNumber+0x5358f in /System/Library/Frameworks/AppKit.framework/Versions/C/AppKit at 0x00007fff8d3e3000
R11=0x300007fd13061d25 is an unknown value
R12=0x00000000000f42f1 is an unknown value
R13=0x00007fff526cc828 is pointing into the stack for thread: 0x00007fd13108d000
R14=0x00007fd1307588d0 is an unknown value
R15=0x00007fff526cc788 is pointing into the stack for thread: 0x00007fd13108d000


Stack: [0x00007fff52651000,0x00007fff526d1000],  sp=0x00007fff526cc658,  free space=493k
Native frames: (J=compiled Java code, j=interpreted, Vv=VM code, C=native code)
C  [libobjc.A.dylib+0x5097]  objc_msgSend+0x17
C  [CoreFoundation+0x10a6d]  _CFXNotificationPost+0xb4d
C  [Foundation+0x27ba]  -[NSNotificationCenter postNotificationName:object:userInfo:]+0x44
C  [AppKit+0x10f719]  -[NSSurface _disposeSurface]+0x98
C  [AppKit+0x10f1b5]  -[NSSurface setWindow:]+0x46
C  [AppKit+0x3b0b7]  -[NSView _setWindow:]+0x8ea
C  [AppKit+0x3c10a]  -[NSView removeFromSuperview]+0x15e
C  [AppKit+0x98889]  -[NSView removeFromSuperviewWithoutNeedingDisplay]+0x26
C  [liblwjgl.jnilib+0x9c3e]  +[MacOSXKeyableWindow destroyWindow]+0xde
C  [Foundation+0x6313e]  __NSThreadPerformPerform+0xe5
C  [CoreFoundation+0x7f731]  __CFRUNLOOP_IS_CALLING_OUT_TO_A_SOURCE0_PERFORM_FUNCTION__+0x11
C  [CoreFoundation+0x70ea2]  __CFRunLoopDoSources0+0xf2
C  [CoreFoundation+0x7062f]  __CFRunLoopRun+0x33f
C  [CoreFoundation+0x700b5]  CFRunLoopRunSpecific+0x135
C  [HIToolbox+0x2ea0d]  RunCurrentEventLoopInMode+0xe2
C  [HIToolbox+0x2e7b7]  ReceiveNextEventCommon+0x1df
C  [HIToolbox+0x2e5bc]  _BlockUntilNextEventMatchingListInModeWithFilter+0x41
C  [AppKit+0x243de]  _DPSNextEvent+0x59a
C  [AppKit+0x23a2b]  -[NSApplication nextEventMatchingMask:untilDate:inMode:dequeue:]+0x7a
C  [libosxapp.dylib+0x16f4]  -[NSApplicationAWT nextEventMatchingMask:untilDate:inMode:dequeue:]+0x7c
C  [AppKit+0x17b2c]  -[NSApplication run]+0x229
C  [libosxapp.dylib+0x1557]  +[NSApplicationAWT runAWTLoopWithApp:]+0x9c
C  [liblwawt.dylib+0xdba9]  -[AWTStarter starter:]+0x369
C  [Foundation+0x6313e]  __NSThreadPerformPerform+0xe5
C  [CoreFoundation+0x7f731]  __CFRUNLOOP_IS_CALLING_OUT_TO_A_SOURCE0_PERFORM_FUNCTION__+0x11
C  [CoreFoundation+0x70ea2]  __CFRunLoopDoSources0+0xf2
C  [CoreFoundation+0x7062f]  __CFRunLoopRun+0x33f
C  [CoreFoundation+0x700b5]  CFRunLoopRunSpecific+0x135
C  [java+0x73b0]  CreateExecutionEnvironment+0x367
C  [java+0x1b5c]  JLI_Launch+0x7a0
C  [java+0x770d]  main+0x65
C  [java+0x13b4]  start+0x34


---------------  P R O C E S S  ---------------

Java Threads: ( => current thread )
  0x00007fd131086000 JavaThread "AWT-Shutdown" [_thread_blocked, id=28171, stack(0x000000011a595000,0x000000011a695000)]
=>0x00007fd13108d000 JavaThread "AppKit Thread" daemon [_thread_in_native, id=1287, stack(0x00007fff52651000,0x00007fff526d1000)]
  0x00007fd13206e800 JavaThread "Service Thread" daemon [_thread_blocked, id=19203, stack(0x00000001186ae000,0x00000001187ae000)]
  0x00007fd13206e000 JavaThread "C2 CompilerThread1" daemon [_thread_blocked, id=18691, stack(0x00000001185ab000,0x00000001186ab000)]
  0x00007fd132066000 JavaThread "C2 CompilerThread0" daemon [_thread_blocked, id=18179, stack(0x00000001184a8000,0x00000001185a8000)]
  0x00007fd132055000 JavaThread "Signal Dispatcher" daemon [_thread_blocked, id=17667, stack(0x00000001183a5000,0x00000001184a5000)]
  0x00007fd13204e000 JavaThread "Finalizer" daemon [_thread_blocked, id=12547, stack(0x000000011816a000,0x000000011826a000)]
  0x00007fd131002800 JavaThread "Reference Handler" daemon [_thread_blocked, id=12035, stack(0x0000000118067000,0x0000000118167000)]
  0x00007fd132000000 JavaThread "main" [_thread_in_native, id=6403, stack(0x000000010d644000,0x000000010d744000)]

Other Threads:
  0x00007fd13204b000 VMThread [stack: 0x0000000117f64000,0x0000000118064000] [id=11523]
  0x00007fd132051800 WatcherThread [stack: 0x00000001187b1000,0x00000001188b1000] [id=19715]

VM state:not at safepoint (normal execution)

VM Mutex/Monitor currently owned by a thread: None

Heap
 PSYoungGen      total 38912K, used 9436K [0x00000007d5500000, 0x00000007d8000000, 0x0000000800000000)
  eden space 33792K, 27% used [0x00000007d5500000,0x00000007d5e37210,0x00000007d7600000)
  from space 5120K, 0% used [0x00000007d7b00000,0x00000007d7b00000,0x00000007d8000000)
  to   space 5120K, 0% used [0x00000007d7600000,0x00000007d7600000,0x00000007d7b00000)
 ParOldGen       total 87040K, used 0K [0x0000000780000000, 0x0000000785500000, 0x00000007d5500000)
  object space 87040K, 0% used [0x0000000780000000,0x0000000780000000,0x0000000785500000)
 PSPermGen       total 21504K, used 7364K [0x000000077ae00000, 0x000000077c300000, 0x0000000780000000)
  object space 21504K, 34% used [0x000000077ae00000,0x000000077b531160,0x000000077c300000)

Card table byte_map: [0x0000000111b13000,0x0000000111f3d000] byte_map_base: 0x000000010df3c000

Polling page: 0x000000010d783000

Code Cache  [0x000000010ea53000, 0x000000010ecc3000, 0x0000000111a53000)
 total_blobs=438 nmethods=95 adapters=298 free_code_cache=48534Kb largest_free_block=49675392

Compilation events (10 events):
Event: 3.874 Thread 0x00007fd132066000   91             org.newdawn.slick.Image::startUse (50 bytes)
Event: 3.874 Thread 0x00007fd13206e000   92             org.newdawn.slick.Image::endUse (30 bytes)
Event: 3.876 Thread 0x00007fd13206e000 nmethod 92 0x000000010eaeec90 code [0x000000010eaeee00, 0x000000010eaeef88]
Event: 3.880 Thread 0x00007fd132066000 nmethod 91 0x000000010eaf1f50 code [0x000000010eaf2160, 0x000000010eaf28d0]
Event: 4.574 Thread 0x00007fd13206e000   93             java.util.ArrayList::access$100 (5 bytes)
Event: 4.574 Thread 0x00007fd13206e000 nmethod 93 0x000000010eae0d50 code [0x000000010eae0e80, 0x000000010eae0ed8]
Event: 4.975 Thread 0x00007fd132066000   94             java.nio.Buffer::position (43 bytes)
Event: 4.975 Thread 0x00007fd132066000 nmethod 94 0x000000010eae2bd0 code [0x000000010eae2d00, 0x000000010eae2d98]
Event: 5.041 Thread 0x00007fd13206e000   95             java.nio.Buffer::position (5 bytes)
Event: 5.041 Thread 0x00007fd13206e000 nmethod 95 0x000000010eae2910 code [0x000000010eae2a40, 0x000000010eae2a98]

GC Heap History (0 events):
No events

Deoptimization events (5 events):
Event: 0.535 Thread 0x00007fd132000000 Uncommon trap: reason=null_check action=make_not_entrant pc=0x000000010eab93d0 method=java.lang.String.equals(Ljava/lang/Object;)Z @ 8
Event: 0.608 Thread 0x00007fd132000000 Uncommon trap: reason=class_check action=maybe_recompile pc=0x000000010ead945c method=java.util.zip.InflaterInputStream.read([BII)I @ 100
Event: 0.620 Thread 0x00007fd132000000 Uncommon trap: reason=class_check action=maybe_recompile pc=0x000000010ead945c method=java.util.zip.InflaterInputStream.read([BII)I @ 100
Event: 0.620 Thread 0x00007fd132000000 Uncommon trap: reason=class_check action=maybe_recompile pc=0x000000010ead945c method=java.util.zip.InflaterInputStream.read([BII)I @ 100
Event: 0.621 Thread 0x00007fd132000000 Uncommon trap: reason=class_check action=maybe_recompile pc=0x000000010ead945c method=java.util.zip.InflaterInputStream.read([BII)I @ 100

Internal exceptions (10 events):
Event: 0.580 Thread 0x00007fd132000000 Threw 0x00000007d5c14b90 at /HUDSON/workspace/7u-2-build-macosx-x86_64/jdk7u51/527/hotspot/src/share/vm/prims/jvm.cpp:1244
Event: 0.581 Thread 0x00007fd132000000 Threw 0x00000007d5c402d0 at /HUDSON/workspace/7u-2-build-macosx-x86_64/jdk7u51/527/hotspot/src/share/vm/prims/jvm.cpp:1244
Event: 0.599 Thread 0x00007fd132000000 Threw 0x00000007d5ce7ac0 at /HUDSON/workspace/7u-2-build-macosx-x86_64/jdk7u51/527/hotspot/src/share/vm/prims/jvm.cpp:1244
Event: 0.600 Thread 0x00007fd132000000 Threw 0x00000007d5cea110 at /HUDSON/workspace/7u-2-build-macosx-x86_64/jdk7u51/527/hotspot/src/share/vm/prims/jvm.cpp:1244
Event: 0.608 Thread 0x00007fd132000000 Threw 0x00000007d5d10f70 at /HUDSON/workspace/7u-2-build-macosx-x86_64/jdk7u51/527/hotspot/src/share/vm/prims/jvm.cpp:1244
Event: 0.608 Thread 0x00007fd132000000 Threw 0x00000007d5d15148 at /HUDSON/workspace/7u-2-build-macosx-x86_64/jdk7u51/527/hotspot/src/share/vm/prims/jvm.cpp:1244
Event: 0.619 Thread 0x00007fd132000000 Threw 0x00000007d5d1dbc0 at /HUDSON/workspace/7u-2-build-macosx-x86_64/jdk7u51/527/hotspot/src/share/vm/prims/jvm.cpp:1244
Event: 0.620 Thread 0x00007fd132000000 Threw 0x00000007d5d21cf0 at /HUDSON/workspace/7u-2-build-macosx-x86_64/jdk7u51/527/hotspot/src/share/vm/prims/jvm.cpp:1244
Event: 0.621 Thread 0x00007fd132000000 Threw 0x00000007d5d26590 at /HUDSON/workspace/7u-2-build-macosx-x86_64/jdk7u51/527/hotspot/src/share/vm/prims/jvm.cpp:1244
Event: 5.580 Thread 0x00007fd132000000 Threw 0x00000007d5d764c0 at /HUDSON/workspace/7u-2-build-macosx-x86_64/jdk7u51/527/hotspot/src/share/vm/prims/jvm.cpp:1244

Events (10 events):
Event: 0.621 Thread 0x00007fd132000000 DEOPT PACKING pc=0x000000010ead945c sp=0x000000010d741580
Event: 0.621 Thread 0x00007fd132000000 DEOPT UNPACKING pc=0x000000010ea8c045 sp=0x000000010d741568 mode 2
Event: 2.141 loading class 0x0000000116cd6730
Event: 2.142 loading class 0x0000000116cd6730 done
Event: 2.142 loading class 0x0000000116cf85b0
Event: 2.142 loading class 0x0000000116cf85b0 done
Event: 4.075 Executing VM operation: EnableBiasedLocking
Event: 4.075 Executing VM operation: EnableBiasedLocking done
Event: 5.580 loading class 0x00007fd13061abb0
Event: 5.580 loading class 0x00007fd13061abb0 done


Dynamic libraries:
0x00000000002b9000 	/System/Library/Frameworks/Cocoa.framework/Versions/A/Cocoa
0x00000000002b9000 	/System/Library/Frameworks/Security.framework/Versions/A/Security
0x00000000002b9000 	/System/Library/Frameworks/ApplicationServices.framework/Versions/A/ApplicationServices
0x00000000002b9000 	/usr/lib/libz.1.dylib
0x00000000002b9000 	/usr/lib/libSystem.B.dylib
0x00000000002b9000 	/usr/lib/libobjc.A.dylib
0x00000000002b9000 	/System/Library/Frameworks/CoreFoundation.framework/Versions/A/CoreFoundation
0x00000000002b9000 	/System/Library/Frameworks/Foundation.framework/Versions/C/Foundation
0x00000000002b9000 	/System/Library/Frameworks/AppKit.framework/Versions/C/AppKit
0x00000000002b9000 	/System/Library/Frameworks/CoreData.framework/Versions/A/CoreData
0x00000000002b9000 	/System/Library/PrivateFrameworks/RemoteViewServices.framework/Versions/A/RemoteViewServices
0x00000000002b9000 	/System/Library/Frameworks/AudioToolbox.framework/Versions/A/AudioToolbox
0x00000000002b9000 	/System/Library/Frameworks/AudioUnit.framework/Versions/A/AudioUnit
0x00000000002b9000 	/System/Library/PrivateFrameworks/DataDetectorsCore.framework/Versions/A/DataDetectorsCore
0x00000000002b9000 	/System/Library/PrivateFrameworks/DesktopServicesPriv.framework/Versions/A/DesktopServicesPriv
0x00000000002b9000 	/System/Library/Frameworks/Carbon.framework/Versions/A/Frameworks/HIToolbox.framework/Versions/A/HIToolbox
0x00000000002b9000 	/System/Library/Frameworks/QuartzCore.framework/Versions/A/QuartzCore
0x00000000002b9000 	/System/Library/Frameworks/Carbon.framework/Versions/A/Frameworks/SpeechRecognition.framework/Versions/A/SpeechRecognition
0x00000000002b9000 	/usr/lib/libauto.dylib
0x00000000002b9000 	/usr/lib/libicucore.A.dylib
0x00000000002b9000 	/usr/lib/libxml2.2.dylib
0x00000000002b9000 	/System/Library/PrivateFrameworks/CoreUI.framework/Versions/A/CoreUI
0x00000000002b9000 	/System/Library/Frameworks/CoreAudio.framework/Versions/A/CoreAudio
0x00000000002b9000 	/System/Library/Frameworks/DiskArbitration.framework/Versions/A/DiskArbitration
0x00000000002b9000 	/usr/lib/liblangid.dylib
0x00000000002b9000 	/System/Library/PrivateFrameworks/MultitouchSupport.framework/Versions/A/MultitouchSupport
0x00000000002b9000 	/System/Library/Frameworks/IOKit.framework/Versions/A/IOKit
0x00000000002b9000 	/usr/lib/libDiagnosticMessagesClient.dylib
0x00000000002b9000 	/System/Library/Frameworks/CoreServices.framework/Versions/A/CoreServices
0x00000000002b9000 	/System/Library/PrivateFrameworks/PerformanceAnalysis.framework/Versions/A/PerformanceAnalysis
0x00000000002b9000 	/System/Library/PrivateFrameworks/GenerationalStorage.framework/Versions/A/GenerationalStorage
0x00000000002b9000 	/System/Library/Frameworks/OpenGL.framework/Versions/A/OpenGL
0x00000000002b9000 	/System/Library/PrivateFrameworks/Sharing.framework/Versions/A/Sharing
0x00000000002b9000 	/System/Library/Frameworks/ImageIO.framework/Versions/A/ImageIO
0x00000000002b9000 	/System/Library/Frameworks/CoreText.framework/Versions/A/CoreText
0x00000000002b9000 	/System/Library/Frameworks/CoreGraphics.framework/Versions/A/CoreGraphics
0x00000000002b9000 	/System/Library/PrivateFrameworks/Backup.framework/Versions/A/Backup
0x00000000002b9000 	/System/Library/Frameworks/CFNetwork.framework/Versions/A/CFNetwork
0x00000000002b9000 	/System/Library/Frameworks/SystemConfiguration.framework/Versions/A/SystemConfiguration
0x00000000002b9000 	/usr/lib/libCRFSuite.dylib
0x00000000002b9000 	/usr/lib/libc++.1.dylib
0x00000000002b9000 	/usr/lib/libc++abi.dylib
0x00000000002b9000 	/usr/lib/system/libcache.dylib
0x00000000002b9000 	/usr/lib/system/libcommonCrypto.dylib
0x00000000002b9000 	/usr/lib/system/libcompiler_rt.dylib
0x00000000002b9000 	/usr/lib/system/libcopyfile.dylib
0x00000000002b9000 	/usr/lib/system/libcorecrypto.dylib
0x00000000002b9000 	/usr/lib/system/libdispatch.dylib
0x00000000002b9000 	/usr/lib/system/libdyld.dylib
0x00000000002b9000 	/usr/lib/system/libkeymgr.dylib
0x00000000002b9000 	/usr/lib/system/liblaunch.dylib
0x00000000002b9000 	/usr/lib/system/libmacho.dylib
0x00000000002b9000 	/usr/lib/system/libquarantine.dylib
0x00000000002b9000 	/usr/lib/system/libremovefile.dylib
0x00000000002b9000 	/usr/lib/system/libsystem_asl.dylib
0x00000000002b9000 	/usr/lib/system/libsystem_blocks.dylib
0x00000000002b9000 	/usr/lib/system/libsystem_c.dylib
0x00000000002b9000 	/usr/lib/system/libsystem_configuration.dylib
0x00000000002b9000 	/usr/lib/system/libsystem_dnssd.dylib
0x00000000002b9000 	/usr/lib/system/libsystem_info.dylib
0x00000000002b9000 	/usr/lib/system/libsystem_kernel.dylib
0x00000000002b9000 	/usr/lib/system/libsystem_m.dylib
0x00000000002b9000 	/usr/lib/system/libsystem_malloc.dylib
0x00000000002b9000 	/usr/lib/system/libsystem_network.dylib
0x00000000002b9000 	/usr/lib/system/libsystem_notify.dylib
0x00000000002b9000 	/usr/lib/system/libsystem_platform.dylib
0x00000000002b9000 	/usr/lib/system/libsystem_pthread.dylib
0x00000000002b9000 	/usr/lib/system/libsystem_sandbox.dylib
0x00000000002b9000 	/usr/lib/system/libsystem_stats.dylib
0x00000000002b9000 	/usr/lib/system/libunc.dylib
0x00000000002b9000 	/usr/lib/system/libunwind.dylib
0x00000000002b9000 	/usr/lib/system/libxpc.dylib
0x00000000002b9000 	/usr/lib/libbsm.0.dylib
0x00000000002b9000 	/usr/lib/libsqlite3.dylib
0x00000000002b9000 	/usr/lib/libxar.1.dylib
0x00000000002b9000 	/usr/lib/libpam.2.dylib
0x00000000002b9000 	/usr/lib/libOpenScriptingUtil.dylib
0x00000000002b9000 	/usr/lib/libbz2.1.0.dylib
0x00000000002b9000 	/System/Library/Frameworks/CoreServices.framework/Versions/A/Frameworks/CarbonCore.framework/Versions/A/CarbonCore
0x00000000002b9000 	/System/Library/Frameworks/CoreServices.framework/Versions/A/Frameworks/Metadata.framework/Versions/A/Metadata
0x00000000002b9000 	/System/Library/Frameworks/CoreServices.framework/Versions/A/Frameworks/OSServices.framework/Versions/A/OSServices
0x00000000002b9000 	/System/Library/Frameworks/CoreServices.framework/Versions/A/Frameworks/SearchKit.framework/Versions/A/SearchKit
0x00000000002b9000 	/System/Library/Frameworks/CoreServices.framework/Versions/A/Frameworks/AE.framework/Versions/A/AE
0x00000000002b9000 	/System/Library/Frameworks/CoreServices.framework/Versions/A/Frameworks/LaunchServices.framework/Versions/A/LaunchServices
0x00000000002b9000 	/System/Library/Frameworks/CoreServices.framework/Versions/A/Frameworks/DictionaryServices.framework/Versions/A/DictionaryServices
0x00000000002b9000 	/System/Library/Frameworks/NetFS.framework/Versions/A/NetFS
0x00000000002b9000 	/usr/lib/system/libkxld.dylib
0x00000000002b9000 	/System/Library/PrivateFrameworks/NetAuth.framework/Versions/A/NetAuth
0x00000000002b9000 	/System/Library/PrivateFrameworks/TCC.framework/Versions/A/TCC
0x00000000002b9000 	/System/Library/Frameworks/OpenDirectory.framework/Versions/A/Frameworks/CFOpenDirectory.framework/Versions/A/CFOpenDirectory
0x00000000002b9000 	/System/Library/Frameworks/ServiceManagement.framework/Versions/A/ServiceManagement
0x00000000002b9000 	/usr/lib/libxslt.1.dylib
0x00000000002b9000 	/System/Library/Frameworks/Carbon.framework/Versions/A/Frameworks/Ink.framework/Versions/A/Ink
0x00000000002b9000 	/System/Library/Frameworks/ApplicationServices.framework/Versions/A/Frameworks/ATS.framework/Versions/A/ATS
0x00000000002b9000 	/System/Library/Frameworks/ApplicationServices.framework/Versions/A/Frameworks/ColorSync.framework/Versions/A/ColorSync
0x00000000002b9000 	/System/Library/Frameworks/ApplicationServices.framework/Versions/A/Frameworks/HIServices.framework/Versions/A/HIServices
0x00000000002b9000 	/System/Library/Frameworks/ApplicationServices.framework/Versions/A/Frameworks/LangAnalysis.framework/Versions/A/LangAnalysis
0x00000000002b9000 	/System/Library/Frameworks/ApplicationServices.framework/Versions/A/Frameworks/PrintCore.framework/Versions/A/PrintCore
0x00000000002b9000 	/System/Library/Frameworks/ApplicationServices.framework/Versions/A/Frameworks/QD.framework/Versions/A/QD
0x00000000002b9000 	/System/Library/Frameworks/ApplicationServices.framework/Versions/A/Frameworks/SpeechSynthesis.framework/Versions/A/SpeechSynthesis
0x00000000002b9000 	/System/Library/Frameworks/IOSurface.framework/Versions/A/IOSurface
0x00000000002b9000 	/System/Library/Frameworks/Accelerate.framework/Versions/A/Accelerate
0x00000000002b9000 	/System/Library/Frameworks/Accelerate.framework/Versions/A/Frameworks/vImage.framework/Versions/A/vImage
0x00000000002b9000 	/System/Library/Frameworks/Accelerate.framework/Versions/A/Frameworks/vecLib.framework/Versions/A/vecLib
0x00000000002b9000 	/System/Library/Frameworks/Accelerate.framework/Versions/A/Frameworks/vecLib.framework/Versions/A/libvDSP.dylib
0x00000000002b9000 	/System/Library/Frameworks/Accelerate.framework/Versions/A/Frameworks/vecLib.framework/Versions/A/libvMisc.dylib
0x00000000002b9000 	/System/Library/Frameworks/Accelerate.framework/Versions/A/Frameworks/vecLib.framework/Versions/A/libLAPACK.dylib
0x00000000002b9000 	/System/Library/Frameworks/Accelerate.framework/Versions/A/Frameworks/vecLib.framework/Versions/A/libBLAS.dylib
0x00000000002b9000 	/System/Library/Frameworks/ApplicationServices.framework/Versions/A/Frameworks/ATS.framework/Versions/A/Resources/libFontParser.dylib
0x00000000002b9000 	/System/Library/Frameworks/ApplicationServices.framework/Versions/A/Frameworks/ATS.framework/Versions/A/Resources/libFontRegistry.dylib
0x00000000002b9000 	/System/Library/Frameworks/ImageIO.framework/Versions/A/Resources/libJPEG.dylib
0x00000000002b9000 	/System/Library/Frameworks/ImageIO.framework/Versions/A/Resources/libTIFF.dylib
0x00000000002b9000 	/System/Library/Frameworks/ImageIO.framework/Versions/A/Resources/libPng.dylib
0x00000000002b9000 	/System/Library/Frameworks/ImageIO.framework/Versions/A/Resources/libGIF.dylib
0x00000000002b9000 	/System/Library/Frameworks/ImageIO.framework/Versions/A/Resources/libJP2.dylib
0x00000000002b9000 	/System/Library/Frameworks/ImageIO.framework/Versions/A/Resources/libRadiance.dylib
0x00000000002b9000 	/usr/lib/libcups.2.dylib
0x00000000002b9000 	/System/Library/Frameworks/Kerberos.framework/Versions/A/Kerberos
0x00000000002b9000 	/System/Library/Frameworks/GSS.framework/Versions/A/GSS
0x00000000002b9000 	/usr/lib/libresolv.9.dylib
0x00000000002b9000 	/usr/lib/libiconv.2.dylib
0x00000000002b9000 	/System/Library/PrivateFrameworks/Heimdal.framework/Versions/A/Heimdal
0x00000000002b9000 	/System/Library/PrivateFrameworks/TrustEvaluationAgent.framework/Versions/A/TrustEvaluationAgent
0x00000000002b9000 	/usr/lib/libheimdal-asn1.dylib
0x00000000002b9000 	/System/Library/Frameworks/OpenDirectory.framework/Versions/A/OpenDirectory
0x00000000002b9000 	/System/Library/PrivateFrameworks/CommonAuth.framework/Versions/A/CommonAuth
0x00000000002b9000 	/System/Library/Frameworks/SecurityFoundation.framework/Versions/A/SecurityFoundation
0x00000000002b9000 	/System/Library/PrivateFrameworks/Bom.framework/Versions/A/Bom
0x00000000002b9000 	/System/Library/Frameworks/CoreVideo.framework/Versions/A/CoreVideo
0x00000000002b9000 	/System/Library/Frameworks/QuartzCore.framework/Versions/A/Frameworks/CoreImage.framework/Versions/A/CoreImage
0x00000000002b9000 	/System/Library/Frameworks/QuartzCore.framework/Versions/A/Frameworks/ScalableUserInterface.framework/Versions/A/ScalableUserInterface
0x00000000002b9000 	/System/Library/Frameworks/OpenGL.framework/Versions/A/Libraries/libGLU.dylib
0x00000000002b9000 	/System/Library/Frameworks/OpenGL.framework/Versions/A/Libraries/libGFXShared.dylib
0x00000000002b9000 	/System/Library/Frameworks/OpenGL.framework/Versions/A/Libraries/libGL.dylib
0x00000000002b9000 	/System/Library/Frameworks/OpenGL.framework/Versions/A/Libraries/libGLImage.dylib
0x00000000002b9000 	/System/Library/Frameworks/OpenGL.framework/Versions/A/Libraries/libCVMSPluginSupport.dylib
0x00000000002b9000 	/System/Library/Frameworks/OpenGL.framework/Versions/A/Libraries/libCoreVMClient.dylib
0x00000000002b9000 	/System/Library/PrivateFrameworks/FaceCore.framework/Versions/A/FaceCore
0x00000000002b9000 	/System/Library/PrivateFrameworks/CrashReporterSupport.framework/Versions/A/CrashReporterSupport
0x00000000002b9000 	/System/Library/Frameworks/OpenCL.framework/Versions/A/OpenCL
0x00000000002b9000 	/System/Library/PrivateFrameworks/AppleFSCompression.framework/Versions/A/AppleFSCompression
0x00000000002b9000 	/System/Library/PrivateFrameworks/Ubiquity.framework/Versions/A/Ubiquity
0x00000000002b9000 	/System/Library/PrivateFrameworks/IconServices.framework/Versions/A/IconServices
0x00000000002b9000 	/System/Library/PrivateFrameworks/ChunkingLibrary.framework/Versions/A/ChunkingLibrary
0x00000000002b9000 	/System/Library/PrivateFrameworks/CoreSymbolication.framework/Versions/A/CoreSymbolication
0x00000000002b9000 	/System/Library/PrivateFrameworks/Symbolication.framework/Versions/A/Symbolication
0x00000000002b9000 	/System/Library/PrivateFrameworks/DebugSymbols.framework/Versions/A/DebugSymbols
0x000000010e000000 	/Library/Java/JavaVirtualMachines/jdk1.7.0_51.jdk/Contents/Home/jre/lib/server/libjvm.dylib
0x00000000002b9000 	/usr/lib/libstdc++.6.dylib
0x000000010d746000 	/Library/Java/JavaVirtualMachines/jdk1.7.0_51.jdk/Contents/Home/jre/lib/libverify.dylib
0x000000010d753000 	/Library/Java/JavaVirtualMachines/jdk1.7.0_51.jdk/Contents/Home/jre/lib/libjava.dylib
0x000000010d78d000 	/Library/Java/JavaVirtualMachines/jdk1.7.0_51.jdk/Contents/Home/jre/lib/libzip.dylib
0x000000011826c000 	/System/Library/Frameworks/JavaVM.framework/Frameworks/JavaRuntimeSupport.framework/JavaRuntimeSupport
0x000000010d7ea000 	/System/Library/Frameworks/JavaVM.framework/Versions/A/Frameworks/JavaNativeFoundation.framework/Versions/A/JavaNativeFoundation
0x0000000118284000 	/System/Library/Frameworks/JavaVM.framework/Versions/A/JavaVM
0x00000000002b9000 	/System/Library/Frameworks/Carbon.framework/Versions/A/Carbon
0x0000000118291000 	/System/Library/PrivateFrameworks/JavaLaunching.framework/Versions/A/JavaLaunching
0x00000000002b9000 	/System/Library/Frameworks/Carbon.framework/Versions/A/Frameworks/CommonPanels.framework/Versions/A/CommonPanels
0x00000000002b9000 	/System/Library/Frameworks/Carbon.framework/Versions/A/Frameworks/Help.framework/Versions/A/Help
0x00000000002b9000 	/System/Library/Frameworks/Carbon.framework/Versions/A/Frameworks/ImageCapture.framework/Versions/A/ImageCapture
0x00000000002b9000 	/System/Library/Frameworks/Carbon.framework/Versions/A/Frameworks/OpenScripting.framework/Versions/A/OpenScripting
0x00000000002b9000 	/System/Library/Frameworks/Carbon.framework/Versions/A/Frameworks/Print.framework/Versions/A/Print
0x00000000002b9000 	/System/Library/Frameworks/Carbon.framework/Versions/A/Frameworks/SecurityHI.framework/Versions/A/SecurityHI
0x0000000118917000 	/Library/Java/JavaVirtualMachines/jdk1.7.0_51.jdk/Contents/Home/jre/lib/libawt.dylib
0x00000001189c6000 	/Library/Java/JavaVirtualMachines/jdk1.7.0_51.jdk/Contents/Home/jre/lib/./libmlib_image.dylib
0x0000000118a92000 	/Library/Java/JavaVirtualMachines/jdk1.7.0_51.jdk/Contents/Home/jre/lib/lwawt/liblwawt.dylib
0x0000000118b46000 	/Library/Java/JavaVirtualMachines/jdk1.7.0_51.jdk/Contents/Home/jre/lib/libosxapp.dylib
0x00000000002b9000 	/System/Library/Frameworks/ExceptionHandling.framework/Versions/A/ExceptionHandling
0x00000000002b9000 	/System/Library/PrivateFrameworks/CoreServicesInternal.framework/Versions/A/CoreServicesInternal
0x00000000002b9000 	/System/Library/PrivateFrameworks/Librarian.framework/Versions/A/Librarian
0x00000000002b9000 	/System/Library/Frameworks/CoreGraphics.framework/Versions/A/Resources/libCGCMS.A.dylib
0x00000000002b9000 	/System/Library/Frameworks/CoreGraphics.framework/Versions/A/Resources/libRIP.A.dylib
0x00000000002b9000 	/System/Library/Frameworks/CoreGraphics.framework/Versions/A/Resources/libCGXType.A.dylib
0x00000000002b9000 	/System/Library/PrivateFrameworks/FamilyControls.framework/Versions/A/FamilyControls
0x00000000002b9000 	/System/Library/PrivateFrameworks/CommerceKit.framework/Versions/A/Frameworks/CommerceCore.framework/Versions/A/CommerceCore
0x00000000002b9000 	/System/Library/PrivateFrameworks/SystemAdministration.framework/Versions/A/SystemAdministration
0x00000000002b9000 	/System/Library/Frameworks/DirectoryService.framework/Versions/A/DirectoryService
0x00000000002b9000 	/System/Library/PrivateFrameworks/DiskImages.framework/Versions/A/DiskImages
0x00000000002b9000 	/System/Library/PrivateFrameworks/LoginUIKit.framework/Versions/A/Frameworks/LoginUICore.framework/Versions/A/LoginUICore
0x00000000002b9000 	/usr/lib/libCoreStorage.dylib
0x00000000002b9000 	/usr/lib/libcsfde.dylib
0x00000000002b9000 	/usr/lib/libodfde.dylib
0x00000000002b9000 	/System/Library/Frameworks/DiscRecording.framework/Versions/A/DiscRecording
0x00000000002b9000 	/usr/lib/libcurl.4.dylib
0x00000000002b9000 	/System/Library/PrivateFrameworks/MediaKit.framework/Versions/A/MediaKit
0x00000000002b9000 	/System/Library/PrivateFrameworks/EFILogin.framework/Versions/A/EFILogin
0x00000000002b9000 	/usr/lib/libutil.dylib
0x00000000002b9000 	/System/Library/PrivateFrameworks/AOSNotification.framework/Versions/A/AOSNotification
0x00000000002b9000 	/System/Library/Frameworks/LDAP.framework/Versions/A/LDAP
0x00000000002b9000 	/usr/lib/libsasl2.2.dylib
0x00000000002b9000 	/usr/lib/libcrypto.0.9.8.dylib
0x00000000002b9000 	/usr/lib/libssl.0.9.8.dylib
0x000000011cb44000 	/Library/Java/JavaVirtualMachines/jdk1.7.0_51.jdk/Contents/Home/jre/lib/libfontmanager.dylib
0x000000011cbab000 	/Users/Max/Documents/MaxTheGame/Game/Libraries/native/macosx/liblwjgl.jnilib
0x000000011a3d3000 	/Library/Java/JavaVirtualMachines/jdk1.7.0_51.jdk/Contents/Home/jre/lib/libjawt.dylib
0x000000011b263000 	/Library/Java/JavaVirtualMachines/jdk1.7.0_51.jdk/Contents/Home/jre/lib/libnio.dylib
0x000000011b272000 	/Library/Java/JavaVirtualMachines/jdk1.7.0_51.jdk/Contents/Home/jre/lib/./libnet.dylib
0x00000000002b9000 	/System/Library/Frameworks/OpenGL.framework/Versions/A/Resources/GLEngine.bundle/GLEngine
0x00000000002b9000 	/System/Library/Frameworks/OpenGL.framework/Versions/A/Libraries/libGLProgrammability.dylib
0x0000000000000000 	/System/Library/Extensions/AppleIntelHD5000GraphicsGLDriver.bundle/Contents/MacOS/AppleIntelHD5000GraphicsGLDriver
0x00000000002b9000 	/System/Library/PrivateFrameworks/IOAccelerator.framework/Versions/A/IOAccelerator
0x00000000002b9000 	/System/Library/PrivateFrameworks/GPUSupport.framework/Versions/A/Libraries/libGPUSupportMercury.dylib
0x00000000002b9000 	/System/Library/Frameworks/OpenGL.framework/Versions/A/Resources/GLRendererFloat.bundle/GLRendererFloat
0x00000000002b9000 	/System/Library/Frameworks/OpenCL.framework/Versions/A/Libraries/libcldcpuengine.dylib

VM Arguments:
jvm_args: -Djava.library.path=/Users/Max/Documents/MaxTheGame/Game/Libraries/native/macosx -Dfile.encoding=US-ASCII 
java_command: Game.Game
Launcher Type: SUN_STANDARD

Environment Variables:
PATH=/usr/bin:/bin:/usr/sbin:/sbin
SHELL=/bin/bash

Signal Handlers:
SIGSEGV: [libjvm.dylib+0x525425], sa_mask[0]=0xfffefeff, sa_flags=0x00000043
SIGBUS: [libjvm.dylib+0x525425], sa_mask[0]=0xfffefeff, sa_flags=0x00000042
SIGFPE: [libjvm.dylib+0x41892a], sa_mask[0]=0xfffefeff, sa_flags=0x00000042
SIGPIPE: [libjvm.dylib+0x41892a], sa_mask[0]=0xfffefeff, sa_flags=0x00000042
SIGXFSZ: [libjvm.dylib+0x41892a], sa_mask[0]=0xfffefeff, sa_flags=0x00000042
SIGILL: [libjvm.dylib+0x41892a], sa_mask[0]=0xfffefeff, sa_flags=0x00000042
SIGUSR1: SIG_DFL, sa_mask[0]=0x00000000, sa_flags=0x00000002
SIGUSR2: [libjvm.dylib+0x41841c], sa_mask[0]=0x00000004, sa_flags=0x00000042
SIGHUP: [libjvm.dylib+0x4166ab], sa_mask[0]=0xfffefeff, sa_flags=0x00000042
SIGINT: [libjvm.dylib+0x4166ab], sa_mask[0]=0xfffefeff, sa_flags=0x00000042
SIGTERM: [libjvm.dylib+0x4166ab], sa_mask[0]=0xfffefeff, sa_flags=0x00000042
SIGQUIT: [libjvm.dylib+0x4166ab], sa_mask[0]=0xfffefeff, sa_flags=0x00000042


---------------  S Y S T E M  ---------------

OS:Bsduname:Darwin 13.1.0 Darwin Kernel Version 13.1.0: Thu Jan 16 19:40:37 PST 2014; root:xnu-2422.90.20~2/RELEASE_X86_64 x86_64
rlimit: STACK 8192k, CORE 0k, NPROC 709, NOFILE 10240, AS infinity
load average:1.47 1.33 1.30

CPU:total 4 (2 cores per cpu, 2 threads per core) family 6 model 69 stepping 1, cmov, cx8, fxsr, mmx, sse, sse2, sse3, ssse3, sse4.1, sse4.2, popcnt, avx, avx2, aes, erms, ht, tsc, tscinvbit

Memory: 4k page, physical 8388608k(2097152k free)

/proc/meminfo:


vm_info: Java HotSpot(TM) 64-Bit Server VM (24.51-b03) for bsd-amd64 JRE (1.7.0_51-b13), built on Dec 18 2013 18:45:56 by "java_re" with gcc 4.2.1 (Based on Apple Inc. build 5658) (LLVM build 2336.11.00)

time: Fri Apr  4 15:13:59 2014
elapsed time: 5 seconds

